        -:    0:Source:/home/audran/Code/projet-cir/concepteur_solveur/solveur/src/simulation.c
        -:    0:Graph:/home/audran/Code/projet-cir/concepteur_solveur/solveur/cmake-build-debug-coverage/CMakeFiles/solveur.dir/src/simulation.c.gcno
        -:    0:Data:/home/audran/Code/projet-cir/concepteur_solveur/solveur/cmake-build-debug-coverage/CMakeFiles/solveur.dir/src/simulation.c.gcda
        -:    0:Runs:1
        -:    1:#include "fonctions.h"
        -:    2:#include "TerminalUtils.h"
        -:    3:
        -:    4:int GameTick = 0;
        -:    5:
        -:    6:char enemiesRemainingToSpawn[] = {};
        -:    7:
        -:    8://Cursor getNextAvailablePosition(Cursor currentPosition, char grid[gridSIZE][gridSIZE]) {
        -:    9://    return NULL;
        -:   10://}
        -:   11:
function spawnEnemy called 0 returned 0% blocks executed 0%
    #####:   12:void spawnEnemy(Enemy enemy, Cursor position) {
        -:   13:
    #####:   14:}
        -:   15:
function updateSimulation called 0 returned 0% blocks executed 0%
    #####:   16:void updateSimulation(char grid[gridSIZE][gridSIZE], Wave wave) {
    #####:   17:    Cursor spawn = {0, 1};
    #####:   18:    Cursor end = {13, 12};
        -:   19:
    #####:   20:    GameTick++;
    #####:   21:}
        -:   22:
function drawSimulation called 0 returned 0% blocks executed 0%
    #####:   23:void drawSimulation(char grid[gridSIZE][gridSIZE], Wave wave)
        -:   24:{
    #####:   25:    Init();
    %%%%%:   25-block  0
call    0 never executed
        -:   26:
    #####:   27:    for (int i = 0; i < gridSIZE; i++)
    %%%%%:   27-block  0
    %%%%%:   27-block  1
branch  0 never executed
branch  1 never executed
        -:   28:    {
    #####:   29:        for (int j = 0; j < gridSIZE; j++)
    %%%%%:   29-block  0
    %%%%%:   29-block  1
branch  0 never executed
branch  1 never executed
        -:   30:        {
    #####:   31:            Draw(i, j, grid[j][i]);
    %%%%%:   31-block  0
call    0 never executed
        -:   32:        }
        -:   33:    }
    #####:   34:    Refresh();
    %%%%%:   34-block  0
call    0 never executed
    #####:   35:    Wait(1000);
call    0 never executed
        -:   36:
    #####:   37:    End();
call    0 never executed
    #####:   38:}
        -:   39:
        -:   40:bool isFinished = false;
        -:   41:
function simulate called 0 returned 0% blocks executed 0%
    #####:   42:void simulate(char grid[gridSIZE][gridSIZE], Wave wave)
        -:   43:{
    #####:   44:    while (!isFinished) {
    %%%%%:   44-block  0
    %%%%%:   44-block  1
branch  0 never executed
branch  1 never executed
    #####:   45:        updateSimulation(grid, wave);
    %%%%%:   45-block  0
call    0 never executed
    #####:   46:        drawSimulation(grid, wave);
call    0 never executed
        -:   47:    }
    #####:   48:}
